<?xml version="1.0" encoding="UTF-8"?>
<!-- Generated by org.testng.reporters.JUnitReportReporter -->
<testsuite hostname="DESKTOP-4OI3J6B" failures="0" tests="1" name="webElementTestCases.LoginTestCase" time="4.244" errors="0" timestamp="2024-07-31T20:00:14 IST" skipped="0">
  <testcase classname="webElementTestCases.LoginTestCase" name="LoginPage" time="4.244"/>
</testsuite> <!-- webElementTestCases.LoginTestCase -->
